This file contains any messages produced by compilers while
running configure, to aid debugging if configure makes a mistake.

It was created by configure, which was
generated by GNU Autoconf 2.71.  Invocation command line was

  $ ./configure --no-create --no-recursion

## --------- ##
## Platform. ##
## --------- ##

hostname = haturatu
uname -m = x86_64
uname -r = 6.10.11+bpo-amd64
uname -s = Linux
uname -v = #1 SMP PREEMPT_DYNAMIC Debian 6.10.11-1~bpo12+1 (2024-10-03)

/usr/bin/uname -p = unknown
/bin/uname -X     = unknown

/bin/arch              = unknown
/usr/bin/arch -k       = unknown
/usr/convex/getsysinfo = unknown
/usr/bin/hostinfo      = unknown
/bin/machine           = unknown
/usr/bin/oslevel       = unknown
/bin/universe          = unknown

PATH: /home/haturatu/.cargo/bin/
PATH: /home/haturatu/.deno/bin/
PATH: /home/haturatu/.rbenv/shims/
PATH: /home/haturatu/.rbenv/versions/3.2.0-dev/bin/
PATH: /home/haturatu/.rbenv/shims/
PATH: /home/haturatu/bin/
PATH: /usr/local/cuda/bin/
PATH: /usr/local/bin/
PATH: /usr/bin/
PATH: /bin/
PATH: /usr/local/games/
PATH: /usr/games/
PATH: /home/haturatu/.local/bin/


## ----------- ##
## Core tests. ##
## ----------- ##

configure:2339: looking for aux files: config.guess config.sub ltmain.sh compile missing install-sh
configure:2352:  trying ./
configure:2381:   ./config.guess found
configure:2381:   ./config.sub found
configure:2381:   ./ltmain.sh found
configure:2381:   ./compile found
configure:2381:   ./missing found
configure:2363:   ./install-sh found
configure:2514: checking for a BSD-compatible install
configure:2587: result: /usr/bin/install -c
configure:2598: checking whether build environment is sane
configure:2653: result: yes
configure:2816: checking for a race-free mkdir -p
configure:2860: result: /bin/mkdir -p
configure:2867: checking for gawk
configure:2888: found /usr/bin/gawk
configure:2899: result: gawk
configure:2910: checking whether make sets $(MAKE)
configure:2933: result: yes
configure:3080: checking for gcc
configure:3101: found /usr/bin/gcc
configure:3112: result: gcc
configure:3465: checking for C compiler version
configure:3474: gcc --version >&5
gcc (Debian 12.2.0-14) 12.2.0
Copyright (C) 2022 Free Software Foundation, Inc.
This is free software; see the source for copying conditions.  There is NO
warranty; not even for MERCHANTABILITY or FITNESS FOR A PARTICULAR PURPOSE.

configure:3485: $? = 0
configure:3474: gcc -v >&5
Using built-in specs.
COLLECT_GCC=gcc
COLLECT_LTO_WRAPPER=/usr/lib/gcc/x86_64-linux-gnu/12/lto-wrapper
OFFLOAD_TARGET_NAMES=nvptx-none:amdgcn-amdhsa
OFFLOAD_TARGET_DEFAULT=1
Target: x86_64-linux-gnu
Configured with: ../src/configure -v --with-pkgversion='Debian 12.2.0-14' --with-bugurl=file:///usr/share/doc/gcc-12/README.Bugs --enable-languages=c,ada,c++,go,d,fortran,objc,obj-c++,m2 --prefix=/usr --with-gcc-major-version-only --program-suffix=-12 --program-prefix=x86_64-linux-gnu- --enable-shared --enable-linker-build-id --libexecdir=/usr/lib --without-included-gettext --enable-threads=posix --libdir=/usr/lib --enable-nls --enable-clocale=gnu --enable-libstdcxx-debug --enable-libstdcxx-time=yes --with-default-libstdcxx-abi=new --enable-gnu-unique-object --disable-vtable-verify --enable-plugin --enable-default-pie --with-system-zlib --enable-libphobos-checking=release --with-target-system-zlib=auto --enable-objc-gc=auto --enable-multiarch --disable-werror --enable-cet --with-arch-32=i686 --with-abi=m64 --with-multilib-list=m32,m64,mx32 --enable-multilib --with-tune=generic --enable-offload-targets=nvptx-none=/build/gcc-12-bTRWOB/gcc-12-12.2.0/debian/tmp-nvptx/usr,amdgcn-amdhsa=/build/gcc-12-bTRWOB/gcc-12-12.2.0/debian/tmp-gcn/usr --enable-offload-defaulted --without-cuda-driver --enable-checking=release --build=x86_64-linux-gnu --host=x86_64-linux-gnu --target=x86_64-linux-gnu
Thread model: posix
Supported LTO compression algorithms: zlib zstd
gcc version 12.2.0 (Debian 12.2.0-14) 
... rest of stderr output deleted ...
configure:3485: $? = 0
configure:3474: gcc -V >&5
gcc: error: unrecognized command-line option '-V'
gcc: fatal error: no input files
compilation terminated.
configure:3485: $? = 1
configure:3474: gcc -qversion >&5
gcc: error: unrecognized command-line option '-qversion'; did you mean '--version'?
gcc: fatal error: no input files
compilation terminated.
configure:3485: $? = 1
configure:3474: gcc -version >&5
gcc: error: unrecognized command-line option '-version'
gcc: fatal error: no input files
compilation terminated.
configure:3485: $? = 1
configure:3505: checking whether the C compiler works
configure:3527: gcc    conftest.c  >&5
configure:3531: $? = 0
configure:3581: result: yes
configure:3584: checking for C compiler default output file name
configure:3586: result: a.out
configure:3592: checking for suffix of executables
configure:3599: gcc -o conftest    conftest.c  >&5
configure:3603: $? = 0
configure:3626: result: 
configure:3648: checking whether we are cross compiling
configure:3656: gcc -o conftest    conftest.c  >&5
configure:3660: $? = 0
configure:3667: ./conftest
configure:3671: $? = 0
configure:3686: result: no
configure:3691: checking for suffix of object files
configure:3714: gcc -c   conftest.c >&5
configure:3718: $? = 0
configure:3740: result: o
configure:3744: checking whether the compiler supports GNU C
configure:3764: gcc -c   conftest.c >&5
configure:3764: $? = 0
configure:3774: result: yes
configure:3785: checking whether gcc accepts -g
configure:3806: gcc -c -g  conftest.c >&5
configure:3806: $? = 0
configure:3850: result: yes
configure:3870: checking for gcc option to enable C11 features
configure:3885: gcc  -c -g -O2  conftest.c >&5
configure:3885: $? = 0
configure:3903: result: none needed
configure:4024: checking for style of include used by make
configure:4052: result: GNU
configure:4079: checking dependency style of gcc
configure:4191: result: gcc3
configure:4207: checking whether gcc and cc understand -c and -o together
configure:4239: gcc -c conftest.c -o conftest2.o >&5
configure:4243: $? = 0
configure:4249: gcc -c conftest.c -o conftest2.o >&5
configure:4253: $? = 0
configure:4264: cc -c conftest.c >&5
configure:4268: $? = 0
configure:4276: cc -c conftest.c -o conftest2.o >&5
configure:4280: $? = 0
configure:4286: cc -c conftest.c -o conftest2.o >&5
configure:4290: $? = 0
configure:4308: result: yes
configure:4367: checking build system type
configure:4382: result: x86_64-unknown-linux-gnu
configure:4402: checking host system type
configure:4416: result: x86_64-unknown-linux-gnu
configure:4457: checking how to print strings
configure:4484: result: printf
configure:4505: checking for a sed that does not truncate output
configure:4575: result: /bin/sed
configure:4593: checking for grep that handles long lines and -e
configure:4657: result: /bin/grep
configure:4662: checking for egrep
configure:4730: result: /bin/grep -E
configure:4735: checking for fgrep
configure:4803: result: /bin/grep -F
configure:4839: checking for ld used by gcc
configure:4907: result: /usr/bin/ld
configure:4914: checking if the linker (/usr/bin/ld) is GNU ld
configure:4930: result: yes
configure:4942: checking for BSD- or MS-compatible name lister (nm)
configure:4992: result: /usr/bin/nm -B
configure:5132: checking the name lister (/usr/bin/nm -B) interface
configure:5140: gcc -c -g -O2  conftest.c >&5
configure:5143: /usr/bin/nm -B "conftest.o"
configure:5146: output
0000000000000000 B some_variable
configure:5153: result: BSD nm
configure:5156: checking whether ln -s works
configure:5160: result: yes
configure:5168: checking the maximum length of command line arguments
configure:5299: result: 1572864
configure:5316: checking whether the shell understands some XSI constructs
configure:5326: result: yes
configure:5330: checking whether the shell understands "+="
configure:5336: result: yes
configure:5371: checking how to convert x86_64-unknown-linux-gnu file names to x86_64-unknown-linux-gnu format
configure:5412: result: func_convert_file_noop
configure:5419: checking how to convert x86_64-unknown-linux-gnu file names to toolchain format
configure:5440: result: func_convert_file_noop
configure:5447: checking for /usr/bin/ld option to reload object files
configure:5455: result: -r
configure:5534: checking for objdump
configure:5555: found /usr/bin/objdump
configure:5566: result: objdump
configure:5598: checking how to recognize dependent libraries
configure:5801: result: pass_all
configure:5891: checking for dlltool
configure:5926: result: no
configure:5956: checking how to associate runtime and link libraries
configure:5984: result: printf %s\n
configure:6050: checking for ar
configure:6071: found /usr/bin/ar
configure:6082: result: ar
configure:6119: checking for archiver @FILE support
configure:6137: gcc -c -g -O2  conftest.c >&5
configure:6137: $? = 0
configure:6141: ar cru libconftest.a @conftest.lst >&5
ar: `u' modifier ignored since `D' is the default (see `U')
configure:6144: $? = 0
configure:6149: ar cru libconftest.a @conftest.lst >&5
ar: `u' modifier ignored since `D' is the default (see `U')
ar: conftest.o: No such file or directory
configure:6152: $? = 1
configure:6164: result: @
configure:6227: checking for strip
configure:6248: found /usr/bin/strip
configure:6259: result: strip
configure:6336: checking for ranlib
configure:6357: found /usr/bin/ranlib
configure:6368: result: ranlib
configure:6470: checking command to parse /usr/bin/nm -B output from gcc object
configure:6591: gcc -c -g -O2  conftest.c >&5
configure:6594: $? = 0
configure:6598: /usr/bin/nm -B conftest.o \| sed -n -e 's/^.*[ ]\([ABCDGIRSTW][ABCDGIRSTW]*\)[ ][ ]*\([_A-Za-z][_A-Za-z0-9]*\)$/\1 \2 \2/p' | sed '/ __gnu_lto/d' \> conftest.nm
configure:6601: $? = 0
configure:6667: gcc -o conftest -g -O2   conftest.c conftstm.o >&5
configure:6670: $? = 0
configure:6708: result: ok
configure:6745: checking for sysroot
configure:6776: result: no
configure:6854: gcc -c -g -O2  conftest.c >&5
configure:6857: $? = 0
configure:7040: checking for mt
configure:7061: found /bin/mt
configure:7072: result: mt
configure:7095: checking if mt is a manifest tool
configure:7102: mt '-?'
configure:7110: result: no
configure:7805: checking for stdio.h
configure:7805: gcc -c -g -O2  conftest.c >&5
configure:7805: $? = 0
configure:7805: result: yes
configure:7805: checking for stdlib.h
configure:7805: gcc -c -g -O2  conftest.c >&5
configure:7805: $? = 0
configure:7805: result: yes
configure:7805: checking for string.h
configure:7805: gcc -c -g -O2  conftest.c >&5
configure:7805: $? = 0
configure:7805: result: yes
configure:7805: checking for inttypes.h
configure:7805: gcc -c -g -O2  conftest.c >&5
configure:7805: $? = 0
configure:7805: result: yes
configure:7805: checking for stdint.h
configure:7805: gcc -c -g -O2  conftest.c >&5
configure:7805: $? = 0
configure:7805: result: yes
configure:7805: checking for strings.h
configure:7805: gcc -c -g -O2  conftest.c >&5
configure:7805: $? = 0
configure:7805: result: yes
configure:7805: checking for sys/stat.h
configure:7805: gcc -c -g -O2  conftest.c >&5
configure:7805: $? = 0
configure:7805: result: yes
configure:7805: checking for sys/types.h
configure:7805: gcc -c -g -O2  conftest.c >&5
configure:7805: $? = 0
configure:7805: result: yes
configure:7805: checking for unistd.h
configure:7805: gcc -c -g -O2  conftest.c >&5
configure:7805: $? = 0
configure:7805: result: yes
configure:7830: checking for dlfcn.h
configure:7830: gcc -c -g -O2  conftest.c >&5
configure:7830: $? = 0
configure:7830: result: yes
configure:8037: checking for objdir
configure:8053: result: .libs
configure:8320: checking if gcc supports -fno-rtti -fno-exceptions
configure:8339: gcc -c -g -O2  -fno-rtti -fno-exceptions conftest.c >&5
cc1: warning: command-line option '-fno-rtti' is valid for C++/D/ObjC++ but not for C
configure:8343: $? = 0
configure:8356: result: no
configure:8683: checking for gcc option to produce PIC
configure:8691: result: -fPIC -DPIC
configure:8699: checking if gcc PIC flag -fPIC -DPIC works
configure:8718: gcc -c -g -O2  -fPIC -DPIC -DPIC conftest.c >&5
configure:8722: $? = 0
configure:8735: result: yes
configure:8764: checking if gcc static flag -static works
configure:8793: result: yes
configure:8808: checking if gcc supports -c -o file.o
configure:8830: gcc -c -g -O2  -o out/conftest2.o conftest.c >&5
configure:8834: $? = 0
configure:8856: result: yes
configure:8864: checking if gcc supports -c -o file.o
configure:8912: result: yes
configure:8945: checking whether the gcc linker (/usr/bin/ld -m elf_x86_64) supports shared libraries
configure:10105: result: yes
configure:10142: checking whether -lc should be explicitly linked in
configure:10151: gcc -c -g -O2  conftest.c >&5
configure:10154: $? = 0
configure:10169: gcc -shared  -fPIC -DPIC conftest.o  -v -Wl,-soname -Wl,conftest -o conftest 2\>\&1 \| /bin/grep  -lc  \>/dev/null 2\>\&1
configure:10172: $? = 0
configure:10186: result: no
configure:10346: checking dynamic linker characteristics
configure:10858: gcc -o conftest -g -O2   -Wl,-rpath -Wl,/foo conftest.c  >&5
configure:10858: $? = 0
configure:11082: result: GNU/Linux ld.so
configure:11189: checking how to hardcode library paths into programs
configure:11214: result: immediate
configure:11758: checking whether stripping libraries is possible
configure:11763: result: yes
configure:11798: checking if libtool supports shared libraries
configure:11800: result: yes
configure:11803: checking whether to build shared libraries
configure:11824: result: yes
configure:11827: checking whether to build static libraries
configure:11831: result: yes
configure:11870: checking for ext2fs/ext2fs.h
configure:11870: gcc -c -g -O2  conftest.c >&5
configure:11870: $? = 0
configure:11870: result: yes
configure:11878: checking for blkid/blkid.h
configure:11878: gcc -c -g -O2  conftest.c >&5
configure:11878: $? = 0
configure:11878: result: yes
configure:11886: checking for e2p/e2p.h
configure:11886: gcc -c -g -O2  conftest.c >&5
configure:11886: $? = 0
configure:11886: result: yes
configure:11894: checking for uuid/uuid.h
configure:11894: gcc -c -g -O2  conftest.c >&5
configure:11894: $? = 0
configure:11894: result: yes
configure:11906: checking for zlib.h
configure:11906: gcc -c -g -O2  conftest.c >&5
configure:11906: $? = 0
configure:11906: result: yes
configure:11914: checking for bzlib.h
configure:11914: gcc -c -g -O2  conftest.c >&5
configure:11914: $? = 0
configure:11914: result: yes
configure:11926: checking for library containing ext2fs_test_inode_bitmap_range
configure:11956: gcc -o conftest -g -O2   conftest.c  >&5
/usr/bin/ld: /tmp/ccs7sV3t.o: in function `main':
/home/haturatu/git/ext4magic/conftest.c:31: undefined reference to `ext2fs_test_inode_bitmap_range'
collect2: error: ld returned 1 exit status
configure:11956: $? = 1
configure: failed program was:
| /* confdefs.h */
| #define PACKAGE_NAME ""
| #define PACKAGE_TARNAME ""
| #define PACKAGE_VERSION ""
| #define PACKAGE_STRING ""
| #define PACKAGE_BUGREPORT ""
| #define PACKAGE_URL ""
| #define PACKAGE "ext4magic"
| #define VERSION "0.3.2"
| #define HAVE_STDIO_H 1
| #define HAVE_STDLIB_H 1
| #define HAVE_STRING_H 1
| #define HAVE_INTTYPES_H 1
| #define HAVE_STDINT_H 1
| #define HAVE_STRINGS_H 1
| #define HAVE_SYS_STAT_H 1
| #define HAVE_SYS_TYPES_H 1
| #define HAVE_UNISTD_H 1
| #define STDC_HEADERS 1
| #define HAVE_DLFCN_H 1
| #define LT_OBJDIR ".libs/"
| /* end confdefs.h.  */
| 
| /* Override any GCC internal prototype to avoid an error.
|    Use char because int might match the return type of a GCC
|    builtin and then its argument prototype would still apply.  */
| char ext2fs_test_inode_bitmap_range ();
| int
| main (void)
| {
| return ext2fs_test_inode_bitmap_range ();
|   ;
|   return 0;
| }
configure:11956: gcc -o conftest -g -O2   conftest.c -lext2fs   >&5
configure:11956: $? = 0
configure:11976: result: -lext2fs
configure:11991: checking for library containing magic_getpath
configure:12021: gcc -o conftest -g -O2   conftest.c -lext2fs  >&5
/usr/bin/ld: /tmp/cc0WdBKx.o: in function `main':
/home/haturatu/git/ext4magic/conftest.c:31: undefined reference to `magic_getpath'
collect2: error: ld returned 1 exit status
configure:12021: $? = 1
configure: failed program was:
| /* confdefs.h */
| #define PACKAGE_NAME ""
| #define PACKAGE_TARNAME ""
| #define PACKAGE_VERSION ""
| #define PACKAGE_STRING ""
| #define PACKAGE_BUGREPORT ""
| #define PACKAGE_URL ""
| #define PACKAGE "ext4magic"
| #define VERSION "0.3.2"
| #define HAVE_STDIO_H 1
| #define HAVE_STDLIB_H 1
| #define HAVE_STRING_H 1
| #define HAVE_INTTYPES_H 1
| #define HAVE_STDINT_H 1
| #define HAVE_STRINGS_H 1
| #define HAVE_SYS_STAT_H 1
| #define HAVE_SYS_TYPES_H 1
| #define HAVE_UNISTD_H 1
| #define STDC_HEADERS 1
| #define HAVE_DLFCN_H 1
| #define LT_OBJDIR ".libs/"
| /* end confdefs.h.  */
| 
| /* Override any GCC internal prototype to avoid an error.
|    Use char because int might match the return type of a GCC
|    builtin and then its argument prototype would still apply.  */
| char magic_getpath ();
| int
| main (void)
| {
| return magic_getpath ();
|   ;
|   return 0;
| }
configure:12021: gcc -o conftest -g -O2   conftest.c -lmagic  -lext2fs  >&5
configure:12021: $? = 0
configure:12041: result: -lmagic
configure:12185: checking that generated files are newer than configure
configure:12191: result: done
configure:12214: creating ./config.status

## ---------------- ##
## Cache variables. ##
## ---------------- ##

ac_cv_build=x86_64-unknown-linux-gnu
ac_cv_c_compiler_gnu=yes
ac_cv_env_CC_set=
ac_cv_env_CC_value=
ac_cv_env_CFLAGS_set=
ac_cv_env_CFLAGS_value=
ac_cv_env_CPPFLAGS_set=
ac_cv_env_CPPFLAGS_value=
ac_cv_env_LDFLAGS_set=
ac_cv_env_LDFLAGS_value=
ac_cv_env_LIBS_set=
ac_cv_env_LIBS_value=
ac_cv_env_build_alias_set=
ac_cv_env_build_alias_value=
ac_cv_env_host_alias_set=
ac_cv_env_host_alias_value=
ac_cv_env_target_alias_set=
ac_cv_env_target_alias_value=
ac_cv_header_blkid_blkid_h=yes
ac_cv_header_bzlib_h=yes
ac_cv_header_dlfcn_h=yes
ac_cv_header_e2p_e2p_h=yes
ac_cv_header_ext2fs_ext2fs_h=yes
ac_cv_header_inttypes_h=yes
ac_cv_header_stdint_h=yes
ac_cv_header_stdio_h=yes
ac_cv_header_stdlib_h=yes
ac_cv_header_string_h=yes
ac_cv_header_strings_h=yes
ac_cv_header_sys_stat_h=yes
ac_cv_header_sys_types_h=yes
ac_cv_header_unistd_h=yes
ac_cv_header_uuid_uuid_h=yes
ac_cv_header_zlib_h=yes
ac_cv_host=x86_64-unknown-linux-gnu
ac_cv_objext=o
ac_cv_path_EGREP='/bin/grep -E'
ac_cv_path_FGREP='/bin/grep -F'
ac_cv_path_GREP=/bin/grep
ac_cv_path_SED=/bin/sed
ac_cv_path_install='/usr/bin/install -c'
ac_cv_path_mkdir=/bin/mkdir
ac_cv_prog_AWK=gawk
ac_cv_prog_ac_ct_AR=ar
ac_cv_prog_ac_ct_CC=gcc
ac_cv_prog_ac_ct_MANIFEST_TOOL=mt
ac_cv_prog_ac_ct_OBJDUMP=objdump
ac_cv_prog_ac_ct_RANLIB=ranlib
ac_cv_prog_ac_ct_STRIP=strip
ac_cv_prog_cc_c11=
ac_cv_prog_cc_g=yes
ac_cv_prog_cc_gcc_c_o=yes
ac_cv_prog_cc_stdc=
ac_cv_prog_make_make_set=yes
ac_cv_search_ext2fs_test_inode_bitmap_range=-lext2fs
ac_cv_search_magic_getpath=-lmagic
am_cv_CC_dependencies_compiler_type=gcc3
lt_cv_ar_at_file=@
lt_cv_archive_cmds_need_lc=no
lt_cv_deplibs_check_method=pass_all
lt_cv_file_magic_cmd='$MAGIC_CMD'
lt_cv_file_magic_test_file=
lt_cv_ld_reload_flag=-r
lt_cv_nm_interface='BSD nm'
lt_cv_objdir=.libs
lt_cv_path_LD=/usr/bin/ld
lt_cv_path_NM='/usr/bin/nm -B'
lt_cv_path_mainfest_tool=no
lt_cv_prog_compiler_c_o=yes
lt_cv_prog_compiler_pic='-fPIC -DPIC'
lt_cv_prog_compiler_pic_works=yes
lt_cv_prog_compiler_rtti_exceptions=no
lt_cv_prog_compiler_static_works=yes
lt_cv_prog_gnu_ld=yes
lt_cv_sharedlib_from_linklib_cmd='printf %s\n'
lt_cv_shlibpath_overrides_runpath=yes
lt_cv_sys_global_symbol_pipe='sed -n -e '\''s/^.*[	 ]\([ABCDGIRSTW][ABCDGIRSTW]*\)[	 ][	 ]*\([_A-Za-z][_A-Za-z0-9]*\)$/\1 \2 \2/p'\'' | sed '\''/ __gnu_lto/d'\'''
lt_cv_sys_global_symbol_to_c_name_address='sed -n -e '\''s/^: \([^ ]*\)[ ]*$/  {\"\1\", (void *) 0},/p'\'' -e '\''s/^[ABCDGIRSTW]* \([^ ]*\) \([^ ]*\)$/  {"\2", (void *) \&\2},/p'\'''
lt_cv_sys_global_symbol_to_c_name_address_lib_prefix='sed -n -e '\''s/^: \([^ ]*\)[ ]*$/  {\"\1\", (void *) 0},/p'\'' -e '\''s/^[ABCDGIRSTW]* \([^ ]*\) \(lib[^ ]*\)$/  {"\2", (void *) \&\2},/p'\'' -e '\''s/^[ABCDGIRSTW]* \([^ ]*\) \([^ ]*\)$/  {"lib\2", (void *) \&\2},/p'\'''
lt_cv_sys_global_symbol_to_cdecl='sed -n -e '\''s/^T .* \(.*\)$/extern int \1();/p'\'' -e '\''s/^[ABCDGIRSTW]* .* \(.*\)$/extern char \1;/p'\'''
lt_cv_sys_max_cmd_len=1572864
lt_cv_to_host_file_cmd=func_convert_file_noop
lt_cv_to_tool_file_cmd=func_convert_file_noop

## ----------------- ##
## Output variables. ##
## ----------------- ##

ACLOCAL='${SHELL} /home/haturatu/git/ext4magic/missing --run aclocal-1.12'
AMDEPBACKSLASH='\'
AMDEP_FALSE='#'
AMDEP_TRUE=''
AMTAR='$${TAR-tar}'
AR='ar'
AUTOCONF='${SHELL} /home/haturatu/git/ext4magic/missing --run autoconf'
AUTOHEADER='${SHELL} /home/haturatu/git/ext4magic/missing --run autoheader'
AUTOMAKE='${SHELL} /home/haturatu/git/ext4magic/missing --run automake-1.12'
AWK='gawk'
CC='gcc'
CCDEPMODE='depmode=gcc3'
CFLAGS='-g -O2'
CPPFLAGS=''
CYGPATH_W='echo'
DEFS='-DHAVE_CONFIG_H'
DEPDIR='.deps'
DLLTOOL='false'
DSYMUTIL=''
DUMPBIN=''
ECHO_C=''
ECHO_N='-n'
ECHO_T=''
EGREP='/bin/grep -E'
EXEEXT=''
FGREP='/bin/grep -F'
GREP='/bin/grep'
INSTALL_DATA='${INSTALL} -m 644'
INSTALL_PROGRAM='${INSTALL}'
INSTALL_SCRIPT='${INSTALL}'
INSTALL_STRIP_PROGRAM='$(install_sh) -c -s'
LD='/usr/bin/ld -m elf_x86_64'
LDFLAGS=''
LIBOBJS=''
LIBS='-lmagic -lext2fs '
LIBTOOL='$(SHELL) $(top_builddir)/libtool'
LIPO=''
LN_S='ln -s'
LTLIBOBJS=''
MAKEINFO='${SHELL} /home/haturatu/git/ext4magic/missing --run makeinfo'
MANIFEST_TOOL=':'
MKDIR_P='/bin/mkdir -p'
NM='/usr/bin/nm -B'
NMEDIT=''
OBJDUMP='objdump'
OBJEXT='o'
OTOOL64=''
OTOOL=''
PACKAGE='ext4magic'
PACKAGE_BUGREPORT=''
PACKAGE_NAME=''
PACKAGE_STRING=''
PACKAGE_TARNAME=''
PACKAGE_URL=''
PACKAGE_VERSION=''
PATH_SEPARATOR=':'
RANLIB='ranlib'
SED='/bin/sed'
SET_MAKE=''
SHELL='/bin/bash'
STRIP='strip'
VERSION='0.3.2'
ac_ct_AR='ar'
ac_ct_CC='gcc'
ac_ct_DUMPBIN=''
am__EXEEXT_FALSE=''
am__EXEEXT_TRUE='#'
am__fastdepCC_FALSE='#'
am__fastdepCC_TRUE=''
am__include='include'
am__isrc=''
am__leading_dot='.'
am__nodep='_no'
am__quote=''
am__tar='$${TAR-tar} chof - "$$tardir"'
am__untar='$${TAR-tar} xf -'
bindir='${exec_prefix}/bin'
build='x86_64-unknown-linux-gnu'
build_alias=''
build_cpu='x86_64'
build_os='linux-gnu'
build_vendor='unknown'
datadir='${datarootdir}'
datarootdir='${prefix}/share'
docdir='${datarootdir}/doc/${PACKAGE}'
dvidir='${docdir}'
exec_prefix='${prefix}'
host='x86_64-unknown-linux-gnu'
host_alias=''
host_cpu='x86_64'
host_os='linux-gnu'
host_vendor='unknown'
htmldir='${docdir}'
includedir='${prefix}/include'
infodir='${datarootdir}/info'
install_sh='${SHELL} /home/haturatu/git/ext4magic/install-sh'
libdir='${exec_prefix}/lib'
libexecdir='${exec_prefix}/libexec'
localedir='${datarootdir}/locale'
localstatedir='${prefix}/var'
mandir='${datarootdir}/man'
mkdir_p='/bin/mkdir -p'
oldincludedir='/usr/include'
pdfdir='${docdir}'
prefix='/usr/local'
program_transform_name='s,x,x,'
psdir='${docdir}'
runstatedir='${localstatedir}/run'
sbindir='${exec_prefix}/sbin'
sharedstatedir='${prefix}/com'
sysconfdir='${prefix}/etc'
target_alias=''

## ----------- ##
## confdefs.h. ##
## ----------- ##

/* confdefs.h */
#define PACKAGE_NAME ""
#define PACKAGE_TARNAME ""
#define PACKAGE_VERSION ""
#define PACKAGE_STRING ""
#define PACKAGE_BUGREPORT ""
#define PACKAGE_URL ""
#define PACKAGE "ext4magic"
#define VERSION "0.3.2"
#define HAVE_STDIO_H 1
#define HAVE_STDLIB_H 1
#define HAVE_STRING_H 1
#define HAVE_INTTYPES_H 1
#define HAVE_STDINT_H 1
#define HAVE_STRINGS_H 1
#define HAVE_SYS_STAT_H 1
#define HAVE_SYS_TYPES_H 1
#define HAVE_UNISTD_H 1
#define STDC_HEADERS 1
#define HAVE_DLFCN_H 1
#define LT_OBJDIR ".libs/"

configure: exit 0

## ---------------------- ##
## Running config.status. ##
## ---------------------- ##

This file was extended by config.status, which was
generated by GNU Autoconf 2.71.  Invocation command line was

  CONFIG_FILES    = 
  CONFIG_HEADERS  = 
  CONFIG_LINKS    = 
  CONFIG_COMMANDS = 
  $ ./config.status 

on haturatu

config.status:1070: creating Makefile
config.status:1070: creating src/Makefile
config.status:1070: creating config.h
config.status:1299: executing depfiles commands
config.status:1299: executing libtool commands

## ---------------------- ##
## Running config.status. ##
## ---------------------- ##

This file was extended by config.status, which was
generated by GNU Autoconf 2.71.  Invocation command line was

  CONFIG_FILES    = 
  CONFIG_HEADERS  = 
  CONFIG_LINKS    = 
  CONFIG_COMMANDS = 
  $ ./config.status config.h

on haturatu

config.status:1070: creating config.h
